<?xml version="1.0" encoding="utf-8"?><testsuites name="pytest tests"><testsuite name="pytest" errors="0" failures="0" skipped="0" tests="9" time="3.600" timestamp="2026-05-11T20:14:09.814723+00:00" hostname="agent-env-c5c0cfca-b7ba-4780-8afa-bdcf91cfbe89"><testcase classname="backend.tests.test_rooms_ws.TestRoomsREST" name="test_health_root" time="0.279" /><testcase classname="backend.tests.test_rooms_ws.TestRoomsREST" name="test_create_room_valid" time="0.132" /><testcase classname="backend.tests.test_rooms_ws.TestRoomsREST" name="test_create_room_invalid_minutes" time="0.165" /><testcase classname="backend.tests.test_rooms_ws.TestRoomsREST" name="test_create_room_each_time" time="0.501" /><testcase classname="backend.tests.test_rooms_ws.TestRoomsREST" name="test_get_room_unknown_404" time="0.161" /><testcase classname="backend.tests.test_rooms_ws.TestRoomsREST" name="test_get_room_existing" time="0.284" /><testcase classname="backend.tests.test_rooms_ws" name="test_ws_hello_relay_disconnect" time="0.914" /><testcase classname="backend.tests.test_rooms_ws" name="test_ws_unknown_room" time="0.209" /><testcase classname="backend.tests.test_rooms_ws" name="test_ws_room_full" time="0.665" /></testsuite></testsuites>